SF:lib\src\scopes\scope.dart
DA:15,1
DA:16,1
DA:19,1
DA:20,1
DA:22,1
DA:23,1
DA:24,5
DA:25,5
DA:26,5
DA:27,5
DA:28,5
DA:32,1
DA:33,1
DA:34,6
DA:35,6
DA:36,6
DA:37,6
DA:38,6
DA:42,1
DA:45,1
DA:46,3
DA:47,3
DA:48,3
DA:49,3
DA:50,3
DA:51,0
DA:53,0
DA:55,0
DA:56,0
DA:57,0
DA:58,0
DA:59,0
DA:60,0
LF:33
LH:25
end_of_record
SF:lib\src\scopes\proxy.dart
DA:22,1
LF:1
LH:1
end_of_record
SF:lib\src\configuration.dart
DA:10,3
DA:12,3
DA:13,0
DA:17,1
DA:19,1
DA:21,1
DA:23,1
DA:24,2
DA:25,3
DA:28,2
DA:31,0
DA:35,0
DA:38,1
DA:39,2
DA:40,2
DA:43,1
DA:48,1
DA:49,3
DA:50,2
DA:53,1
DA:58,0
DA:59,0
DA:60,0
DA:63,0
DA:66,1
DA:67,4
DA:68,2
DA:69,2
DA:72,1
DA:73,4
DA:74,2
DA:75,2
DA:78,1
DA:79,4
DA:80,2
DA:81,2
DA:84,1
DA:85,4
DA:86,2
DA:87,2
DA:90,1
DA:91,4
DA:92,2
DA:93,2
DA:96,1
DA:98,1
DA:99,1
DA:100,1
DA:101,1
DA:104,2
DA:105,2
DA:106,2
DA:107,2
DA:108,2
DA:112,1
DA:122,0
DA:124,1
DA:125,2
LF:58
LH:50
end_of_record
SF:lib\src\utils\parser.dart
DA:13,1
DA:15,1
DA:17,1
DA:19,1
DA:25,1
DA:27,1
DA:29,1
DA:34,2
DA:37,2
DA:40,2
DA:42,4
DA:43,4
DA:45,2
DA:47,2
DA:48,2
DA:49,2
DA:50,2
DA:51,2
DA:52,2
DA:56,2
DA:57,2
DA:61,4
DA:63,2
DA:67,2
DA:69,2
DA:71,4
DA:72,8
DA:76,0
DA:83,2
DA:84,2
DA:88,4
DA:90,2
DA:94,2
DA:96,2
DA:98,4
DA:100,2
DA:102,2
DA:104,5
DA:105,1
DA:109,0
DA:116,2
DA:117,3
DA:118,1
DA:120,2
DA:121,1
DA:128,2
DA:129,2
DA:133,4
DA:135,2
DA:139,2
DA:141,2
DA:143,4
DA:144,16
DA:145,4
DA:149,0
DA:156,2
DA:157,2
DA:159,2
DA:160,0
DA:163,6
DA:164,0
DA:167,4
DA:168,1
DA:169,6
DA:170,4
DA:173,4
DA:174,0
DA:175,6
DA:176,1
DA:181,2
DA:183,2
DA:186,2
DA:189,2
DA:192,2
DA:195,2
DA:200,2
DA:202,2
DA:203,0
DA:204,0
DA:208,2
DA:210,1
DA:213,2
DA:214,1
DA:218,2
DA:220,6
DA:221,1
DA:222,3
DA:226,2
DA:227,4
DA:228,3
DA:229,2
DA:230,0
LF:92
LH:83
end_of_record
SF:lib\src\utils\slang.dart
DA:11,1
DA:19,1
DA:21,1
DA:27,1
DA:33,1
DA:35,1
DA:37,3
DA:38,3
DA:40,1
DA:43,1
DA:48,1
DA:50,1
DA:52,2
DA:53,3
DA:55,5
DA:58,1
DA:60,1
DA:61,1
DA:66,1
DA:68,1
DA:70,0
DA:71,0
DA:73,0
DA:76,0
DA:77,0
DA:78,0
DA:79,0
DA:80,0
DA:83,0
DA:92,1
DA:93,5
DA:94,0
LF:32
LH:22
end_of_record
SF:lib\src\models\yaml_configuration.dart
DA:13,2
DA:23,1
DA:24,1
DA:25,5
DA:26,5
DA:27,5
DA:28,5
DA:29,5
DA:30,5
DA:34,1
DA:35,5
DA:36,3
DA:38,5
DA:39,3
DA:41,5
DA:42,3
DA:44,5
DA:45,3
DA:47,5
DA:48,3
DA:50,5
DA:51,3
LF:22
LH:22
end_of_record
SF:lib\src\models\yaml_setting.dart
DA:6,2
DA:8,1
DA:11,1
DA:12,3
DA:13,3
DA:14,3
DA:16,0
DA:17,0
LF:8
LH:6
end_of_record
SF:lib\src\models\yaml_route.dart
DA:8,2
DA:10,2
DA:11,2
DA:12,2
DA:13,2
DA:14,7
DA:15,4
DA:16,2
DA:17,2
DA:22,1
DA:25,1
DA:26,3
DA:27,3
DA:28,3
DA:29,3
DA:31,0
DA:32,0
LF:17
LH:15
end_of_record
SF:lib\src\models\yaml_i18n_string.dart
DA:7,2
LF:1
LH:1
end_of_record
SF:lib\src\utils\change_notifier.dart
DA:10,2
DA:13,0
DA:17,1
DA:18,2
DA:22,3
DA:25,0
DA:26,0
LF:7
LH:4
end_of_record
